c:\users\chandler\source\repos\gat350\3d engine\gat350_3dengine\application\debug\application.pch
c:\users\chandler\source\repos\gat350\3d engine\gat350_3dengine\application\debug\vc142.pdb
c:\users\chandler\source\repos\gat350\3d engine\gat350_3dengine\application\debug\vc142.idb
c:\users\chandler\source\repos\gat350\3d engine\gat350_3dengine\application\debug\pch.obj
c:\users\chandler\source\repos\gat350\3d engine\gat350_3dengine\application\debug\glad.obj
c:\users\chandler\source\repos\gat350\3d engine\gat350_3dengine\application\debug\main.obj
c:\users\chandler\source\repos\gat350\3d engine\gat350_3dengine\application\debug\resourcemanager.obj
c:\users\chandler\source\repos\gat350\3d engine\gat350_3dengine\application\debug\scene.obj
c:\users\chandler\source\repos\gat350\3d engine\gat350_3dengine\application\debug\object.obj
c:\users\chandler\source\repos\gat350\3d engine\gat350_3dengine\application\debug\light.obj
c:\users\chandler\source\repos\gat350\3d engine\gat350_3dengine\application\debug\inputsystem.obj
c:\users\chandler\source\repos\gat350\3d engine\gat350_3dengine\application\debug\camera.obj
c:\users\chandler\source\repos\gat350\3d engine\gat350_3dengine\application\debug\transform.obj
c:\users\chandler\source\repos\gat350\3d engine\gat350_3dengine\application\debug\vertexindexarray.obj
c:\users\chandler\source\repos\gat350\3d engine\gat350_3dengine\application\debug\vertexarray.obj
c:\users\chandler\source\repos\gat350\3d engine\gat350_3dengine\application\debug\texture.obj
c:\users\chandler\source\repos\gat350\3d engine\gat350_3dengine\application\debug\renderer.obj
c:\users\chandler\source\repos\gat350\3d engine\gat350_3dengine\application\debug\program.obj
c:\users\chandler\source\repos\gat350\3d engine\gat350_3dengine\application\debug\model.obj
c:\users\chandler\source\repos\gat350\3d engine\gat350_3dengine\application\debug\material.obj
c:\users\chandler\source\repos\gat350\3d engine\gat350_3dengine\application\debug\engine.obj
c:\users\chandler\source\repos\gat350\3d engine\gat350_3dengine\application\debug\timer.obj
c:\users\chandler\source\repos\gat350\3d engine\gat350_3dengine\application\debug\file.obj
c:\users\chandler\source\repos\gat350\3d engine\gat350_3dengine\application\debug\assert.obj
c:\users\chandler\source\repos\gat350\3d engine\gat350_3dengine\debug\application.pdb
c:\users\chandler\source\repos\gat350\3d engine\gat350_3dengine\application\debug\application.tlog\cl.command.1.tlog
c:\users\chandler\source\repos\gat350\3d engine\gat350_3dengine\application\debug\application.tlog\cl.read.1.tlog
c:\users\chandler\source\repos\gat350\3d engine\gat350_3dengine\application\debug\application.tlog\cl.write.1.tlog
c:\users\chandler\source\repos\gat350\3d engine\gat350_3dengine\application\debug\application.tlog\link-cvtres.read.1.tlog
c:\users\chandler\source\repos\gat350\3d engine\gat350_3dengine\application\debug\application.tlog\link-cvtres.write.1.tlog
c:\users\chandler\source\repos\gat350\3d engine\gat350_3dengine\application\debug\application.tlog\link-rc.read.1.tlog
c:\users\chandler\source\repos\gat350\3d engine\gat350_3dengine\application\debug\application.tlog\link-rc.write.1.tlog
c:\users\chandler\source\repos\gat350\3d engine\gat350_3dengine\application\debug\application.tlog\link.command.1.tlog
c:\users\chandler\source\repos\gat350\3d engine\gat350_3dengine\application\debug\application.tlog\link.read.1.tlog
c:\users\chandler\source\repos\gat350\3d engine\gat350_3dengine\application\debug\application.tlog\link.write.1.tlog
